<?xml version="1.0" encoding="UTF-8"?>
<!-- Generated by org.testng.reporters.JUnitReportReporter -->
<testsuite hostname="DESKTOP-8A91SO9" failures="0" tests="3" name="testcases.TravelInsuranceDetailsTest" time="70.613" errors="0" timestamp="2021-04-15T14:27:03 IST" skipped="0">
  <testcase classname="testcases.TravelInsuranceDetailsTest" name="homePageTitle" time="8.512"/>
  <system-out/>
  <testcase classname="testcases.TravelInsuranceDetailsTest" name="checkExcelData" time="29.804"/>
  <system-out/>
  <testcase classname="testcases.TravelInsuranceDetailsTest" name="checkExcelData" time="32.297"/>
  <system-out/>
</testsuite> <!-- testcases.TravelInsuranceDetailsTest -->
