<?xml version="1.0" encoding="UTF-8"?>
<!-- Generated by org.testng.reporters.JUnitReportReporter -->
<testsuite hostname="DESKTOP-8A91SO9" failures="0" tests="10" name="testcases.CarInsuranceErrorMessageTest" time="14.847" errors="0" timestamp="2021-04-15T14:27:04 IST" skipped="0">
  <testcase classname="testcases.CarInsuranceErrorMessageTest" name="clickCarInsuranceTest" time="1.220"/>
  <system-out/>
  <testcase classname="testcases.CarInsuranceErrorMessageTest" name="clickProceedButtonTest" time="5.115"/>
  <system-out/>
  <testcase classname="testcases.CarInsuranceErrorMessageTest" name="selectCityTest" time="1.047"/>
  <system-out/>
  <testcase classname="testcases.CarInsuranceErrorMessageTest" name="selectCarBrandTest" time="0.737"/>
  <system-out/>
  <testcase classname="testcases.CarInsuranceErrorMessageTest" name="selectCarModelTest" time="0.678"/>
  <system-out/>
  <testcase classname="testcases.CarInsuranceErrorMessageTest" name="chooseFuelTypeTest" time="1.470"/>
  <system-out/>
  <testcase classname="testcases.CarInsuranceErrorMessageTest" name="selectCarVariantTest" time="0.390"/>
  <system-out/>
  <testcase classname="testcases.CarInsuranceErrorMessageTest" name="selectYearTest" time="0.792"/>
  <system-out/>
  <testcase classname="testcases.CarInsuranceErrorMessageTest" name="fillDetailsTest" time="2.495"/>
  <system-out/>
  <testcase classname="testcases.CarInsuranceErrorMessageTest" name="takeScreenshotTest" time="0.903"/>
  <system-out/>
</testsuite> <!-- testcases.CarInsuranceErrorMessageTest -->
