<?xml version="1.0" encoding="UTF-8"?>
<!-- Generated by org.testng.reporters.JUnitReportReporter -->
<testsuite hostname="DESKTOP-8A91SO9" failures="0" tests="1" name="testcases.HealthInsuranceMenuItemsTest" time="10.330" errors="0" timestamp="2021-04-16T09:42:48 IST" skipped="0">
  <testcase classname="testcases.HealthInsuranceMenuItemsTest" name="listValuesTest" time="10.330"/>
  <system-out/>
</testsuite> <!-- testcases.HealthInsuranceMenuItemsTest -->
