<?xml version="1.0" encoding="UTF-8"?>
<!-- Generated by org.testng.reporters.JUnitReportReporter -->
<testsuite hostname="DESKTOP-8A91SO9" failures="0" tests="3" name="testcases.TravelInsuranceDetailsTest" time="129.941" errors="0" timestamp="2021-04-16T09:42:48 IST" skipped="0">
  <testcase classname="testcases.TravelInsuranceDetailsTest" name="homePageTitle" time="21.321"/>
  <system-out/>
  <testcase classname="testcases.TravelInsuranceDetailsTest" name="checkExcelData" time="51.942"/>
  <system-out/>
  <testcase classname="testcases.TravelInsuranceDetailsTest" name="checkExcelData" time="56.678"/>
  <system-out/>
</testsuite> <!-- testcases.TravelInsuranceDetailsTest -->
